<?xml version="1.0" encoding="UTF-8"?>
<!-- Generated by org.testng.reporters.JUnitReportReporter -->
<testsuite hostname="user" name="BatchFile.Runbatch" tests="1" failures="0" timestamp="10 Jul 2021 11:36:31 GMT" time="0.018" errors="0">
  <testcase name="testbatch" time="0.018" classname="BatchFile.Runbatch"/>
</testsuite> <!-- BatchFile.Runbatch -->
