<?xml version="1.0" encoding="UTF-8"?>
<!-- Generated by org.testng.reporters.JUnitReportReporter -->
<testsuite skipped="0" hostname="user" name="BatchFile.Runbatch" tests="1" failures="0" timestamp="10 Jul 2021 10:35:42 GMT" time="0.008" errors="0">
  <testcase name="testbatch" time="0.008" classname="BatchFile.Runbatch"/>
</testsuite> <!-- BatchFile.Runbatch -->
