<?xml version="1.0" encoding="UTF-8"?>
<!-- Generated by org.testng.reporters.JUnitReportReporter -->
<testsuite skipped="0" hostname="user" name="BatchFile.Runbatch" tests="1" failures="0" timestamp="11 Jul 2021 07:32:08 GMT" time="0.009" errors="0">
  <testcase name="testbatch" time="0.009" classname="BatchFile.Runbatch"/>
</testsuite> <!-- BatchFile.Runbatch -->
